<?xml version="1.0" encoding="UTF-8"?>
<!-- Generated by org.testng.reporters.JUnitReportReporter -->
<testsuite hostname="DESKTOP-E8N57LP" failures="0" tests="1" name="workingWithJenkins.OrangeHrmLoginPage" time="32.043" errors="0" timestamp="2022-10-13T08:29:11 IST" skipped="0">
  <testcase classname="workingWithJenkins.OrangeHrmLoginPage" name="Testlogin" time="32.043"/>
</testsuite> <!-- workingWithJenkins.OrangeHrmLoginPage -->
