<?xml version="1.0" encoding="UTF-8"?>
<!-- Generated by org.testng.reporters.JUnitReportReporter -->
<testsuite hostname="DESKTOP-E8N57LP" failures="0" tests="1" name="workingWithJenkins.OrangeHrmLoginPage" time="19.617" errors="0" timestamp="2022-10-12T18:33:57 IST" skipped="0">
  <testcase classname="workingWithJenkins.OrangeHrmLoginPage" name="Testlogin" time="19.617"/>
</testsuite> <!-- workingWithJenkins.OrangeHrmLoginPage -->
